c:\users\sioyth\desktop\phantom\shaders\debug\vc142.pdb
c:\users\sioyth\desktop\phantom\shaders\debug\vc142.idb
c:\users\sioyth\desktop\phantom\shaders\debug\transform.obj
c:\users\sioyth\desktop\phantom\shaders\debug\shader.obj
c:\users\sioyth\desktop\phantom\shaders\debug\screen.obj
c:\users\sioyth\desktop\phantom\shaders\debug\main.obj
c:\users\sioyth\desktop\phantom\shaders\debug\interface.obj
c:\users\sioyth\desktop\phantom\shaders\debug\input.obj
c:\users\sioyth\desktop\phantom\shaders\debug\imgui_widgets.obj
c:\users\sioyth\desktop\phantom\shaders\debug\imgui_impl_sdl.obj
c:\users\sioyth\desktop\phantom\shaders\debug\imgui_impl_opengl3.obj
c:\users\sioyth\desktop\phantom\shaders\debug\imgui_draw.obj
c:\users\sioyth\desktop\phantom\shaders\debug\imgui_demo.obj
c:\users\sioyth\desktop\phantom\shaders\debug\imgui.obj
c:\users\sioyth\desktop\phantom\shaders\debug\gameobject.obj
c:\users\sioyth\desktop\phantom\shaders\debug\debug.obj
c:\users\sioyth\desktop\phantom\shaders\debug\buffer.obj
c:\users\sioyth\desktop\phantom\shaders\debug\glad.obj
c:\users\sioyth\desktop\phantom\debug\phantom.ilk
c:\users\sioyth\desktop\phantom\debug\phantom.exe
c:\users\sioyth\desktop\phantom\debug\phantom.pdb
c:\users\sioyth\desktop\phantom\shaders\debug\phantom.tlog\cl.command.1.tlog
c:\users\sioyth\desktop\phantom\shaders\debug\phantom.tlog\cl.read.1.tlog
c:\users\sioyth\desktop\phantom\shaders\debug\phantom.tlog\cl.write.1.tlog
c:\users\sioyth\desktop\phantom\shaders\debug\phantom.tlog\link.command.1.tlog
c:\users\sioyth\desktop\phantom\shaders\debug\phantom.tlog\link.read.1.tlog
c:\users\sioyth\desktop\phantom\shaders\debug\phantom.tlog\link.write.1.tlog
