  CameraEditor.cpp
C:\Users\Sioyth\Desktop\phantom\Shaders\CameraEditor.cpp(135,21): warning C4018: '<': signed/unsigned mismatch
C:\Users\Sioyth\Desktop\phantom\Shaders\CameraEditor.cpp(167,54): warning C4244: '=': conversion from 'T' to 'T', possible loss of data
C:\Users\Sioyth\Desktop\phantom\Shaders\CameraEditor.cpp(167,54): warning C4244:         with
C:\Users\Sioyth\Desktop\phantom\Shaders\CameraEditor.cpp(167,54): warning C4244:         [
C:\Users\Sioyth\Desktop\phantom\Shaders\CameraEditor.cpp(167,54): warning C4244:             T=glm::i32
C:\Users\Sioyth\Desktop\phantom\Shaders\CameraEditor.cpp(167,54): warning C4244:         ]
C:\Users\Sioyth\Desktop\phantom\Shaders\CameraEditor.cpp(167,54): warning C4244:         and
C:\Users\Sioyth\Desktop\phantom\Shaders\CameraEditor.cpp(167,54): warning C4244:         [
C:\Users\Sioyth\Desktop\phantom\Shaders\CameraEditor.cpp(167,54): warning C4244:             T=float
C:\Users\Sioyth\Desktop\phantom\Shaders\CameraEditor.cpp(167,54): warning C4244:         ]
C:\Users\Sioyth\Desktop\phantom\Shaders\CameraEditor.cpp(186,19): warning C4244: '=': conversion from 'T' to 'T', possible loss of data
C:\Users\Sioyth\Desktop\phantom\Shaders\CameraEditor.cpp(186,19): warning C4244:         with
C:\Users\Sioyth\Desktop\phantom\Shaders\CameraEditor.cpp(186,19): warning C4244:         [
C:\Users\Sioyth\Desktop\phantom\Shaders\CameraEditor.cpp(186,19): warning C4244:             T=glm::i32
C:\Users\Sioyth\Desktop\phantom\Shaders\CameraEditor.cpp(186,19): warning C4244:         ]
C:\Users\Sioyth\Desktop\phantom\Shaders\CameraEditor.cpp(186,19): warning C4244:         and
C:\Users\Sioyth\Desktop\phantom\Shaders\CameraEditor.cpp(186,19): warning C4244:         [
C:\Users\Sioyth\Desktop\phantom\Shaders\CameraEditor.cpp(186,19): warning C4244:             T=float
C:\Users\Sioyth\Desktop\phantom\Shaders\CameraEditor.cpp(186,19): warning C4244:         ]
C:\Users\Sioyth\Desktop\phantom\Shaders\CameraEditor.cpp(204,54): warning C4244: '=': conversion from 'T' to 'T', possible loss of data
C:\Users\Sioyth\Desktop\phantom\Shaders\CameraEditor.cpp(204,54): warning C4244:         with
C:\Users\Sioyth\Desktop\phantom\Shaders\CameraEditor.cpp(204,54): warning C4244:         [
C:\Users\Sioyth\Desktop\phantom\Shaders\CameraEditor.cpp(204,54): warning C4244:             T=glm::i32
C:\Users\Sioyth\Desktop\phantom\Shaders\CameraEditor.cpp(204,54): warning C4244:         ]
C:\Users\Sioyth\Desktop\phantom\Shaders\CameraEditor.cpp(204,54): warning C4244:         and
C:\Users\Sioyth\Desktop\phantom\Shaders\CameraEditor.cpp(204,54): warning C4244:         [
C:\Users\Sioyth\Desktop\phantom\Shaders\CameraEditor.cpp(204,54): warning C4244:             T=float
C:\Users\Sioyth\Desktop\phantom\Shaders\CameraEditor.cpp(204,54): warning C4244:         ]
  Shaders.vcxproj -> C:\Users\Sioyth\Desktop\phantom\Debug\Phantom.exe
